#
# There is insufficient memory for the Java Runtime Environment to continue.
# Native memory allocation (mmap) failed to map 268435456 bytes. Error detail: G1 virtual space
# Possible reasons:
#   The system is out of physical RAM or swap space
#   This process is running with CompressedOops enabled, and the Java Heap may be blocking the growth of the native heap
# Possible solutions:
#   Reduce memory load on the system
#   Increase physical memory or swap space
#   Check if swap backing store is full
#   Decrease Java heap size (-Xmx/-Xms)
#   Decrease number of Java threads
#   Decrease Java thread stack sizes (-Xss)
#   Set larger code cache with -XX:ReservedCodeCacheSize=
#   JVM is running with Zero Based Compressed Oops mode in which the Java heap is
#     placed in the first 32GB address space. The Java Heap base address is the
#     maximum limit for the native heap growth. Please use -XX:HeapBaseMinAddress
#     to set the Java Heap base and to place the Java Heap above 32GB virtual address.
# This output file may be truncated or incomplete.
#
#  Out of Memory Error (os_windows.cpp:3815), pid=24408, tid=24028
#
# JRE version:  (21.0.3) (build )
# Java VM: OpenJDK 64-Bit Server VM (21.0.3+-12282718-b509.11, mixed mode, sharing, tiered, compressed oops, compressed class ptrs, g1 gc, windows-amd64)
# No core dump will be written. Minidumps are not enabled by default on client versions of Windows
#

---------------  S U M M A R Y ------------

Command Line: 

Host: Intel(R) Core(TM) i5-8350U CPU @ 1.70GHz, 8 cores, 15G,  Windows 11 , 64 bit Build 26100 (10.0.26100.2454)
Time: Wed Feb 26 17:41:12 2025 W. Central Africa Standard Time elapsed time: 2.043003 seconds (0d 0h 0m 2s)

---------------  T H R E A D  ---------------

Current thread (0x0000017fb8fcad50):  JavaThread "Unknown thread" [_thread_in_vm, id=24028, stack(0x000000489bb00000,0x000000489bc00000) (1024K)]

Stack: [0x000000489bb00000,0x000000489bc00000]
Native frames: (J=compiled Java code, j=interpreted, Vv=VM code, C=native code)
V  [jvm.dll+0x6cafb9]
V  [jvm.dll+0x858523]
V  [jvm.dll+0x85aa7e]
V  [jvm.dll+0x85b163]
V  [jvm.dll+0x27d356]
V  [jvm.dll+0x6c7865]
V  [jvm.dll+0x6bbd3a]
V  [jvm.dll+0x35199b]
V  [jvm.dll+0x3595d6]
V  [jvm.dll+0x3aa826]
V  [jvm.dll+0x3aaaf8]
V  [jvm.dll+0x3240bc]
V  [jvm.dll+0x324dab]
V  [jvm.dll+0x81fd89]
V  [jvm.dll+0x3b7c08]
V  [jvm.dll+0x80921d]
V  [jvm.dll+0x44c05e]
V  [jvm.dll+0x44d6b1]
C  [jli.dll+0x52ab]
C  [ucrtbase.dll+0x14ea0]
C  [KERNEL32.DLL+0x2e8d7]
C  [ntdll.dll+0xdfbcc]


---------------  P R O C E S S  ---------------

Threads class SMR info:
_java_thread_list=0x00007ffcb24957c8, length=0, elements={
}

Java Threads: ( => current thread )
Total: 0

Other Threads:
  0x0000017fba98bec0 WorkerThread "GC Thread#0"                     [id=29524, stack(0x000000489bc00000,0x000000489bd00000) (1024K)]
  0x0000017fba99da00 ConcurrentGCThread "G1 Main Marker"            [id=14836, stack(0x000000489bd00000,0x000000489be00000) (1024K)]
  0x0000017fba99f7c0 WorkerThread "G1 Conc#0"                       [id=19412, stack(0x000000489be00000,0x000000489bf00000) (1024K)]

[error occurred during error reporting (printing all threads), id 0xc0000005, EXCEPTION_ACCESS_VIOLATION (0xc0000005) at pc=0x00007ffcb1c97197]
VM state: not at safepoint (not fully initialized)

VM Mutex/Monitor currently owned by a thread:  ([mutex/lock_event])
[0x00007ffcb25021c8] Heap_lock - owner thread: 0x0000017fb8fcad50

Heap address: 0x0000000701e00000, size: 4066 MB, Compressed Oops mode: Zero based, Oop shift amount: 3

CDS archive(s) mapped at: [0x0000000000000000-0x0000000000000000-0x0000000000000000), size 0, SharedBaseAddress: 0x0000000800000000, ArchiveRelocationMode: 1.
Narrow klass base: 0x0000000000000000, Narrow klass shift: 0, Narrow klass range: 0x0

GC Precious Log:
 CardTable entry size: 512
 Card Set container configuration: InlinePtr #cards 4 size 8 Array Of Cards #cards 16 size 48 Howl #buckets 8 coarsen threshold 3686 Howl Bitmap #cards 512 size 80 coarsen threshold 460 Card regions per heap region 1 cards per card region 4096

Heap:
 garbage-first heap   total 0K, used 0K [0x0000000701e00000, 0x0000000800000000)
  region size 2048K, 0 young (0K), 0 survivors (0K)
 Metaspace       used 0K, committed 0K, reserved 0K
  class space    used 0K, committed 0K, reserved 0K

Heap Regions: E=young(eden), S=young(survivor), O=old, HS=humongous(starts), HC=humongous(continues), CS=collection set, F=free, TAMS=top-at-mark-start, PB=parsable bottom

Card table byte_map: [0x0000017fcddc0000,0x0000017fce5c0000] _byte_map_base: 0x0000017fca5b1000

Marking Bits: (CMBitMap*) 0x0000017fba98c4d0
 Bits: [0x0000017fce5c0000, 0x0000017fd2548000)

GC Heap History (0 events):
No events

Dll operation events (1 events):
Event: 0.015 Loaded shared library C:\Program Files\Android\Android Studio\jbr\bin\java.dll

Deoptimization events (0 events):
No events

Classes loaded (0 events):
No events

Classes unloaded (0 events):
No events

Classes redefined (0 events):
No events

Internal exceptions (0 events):
No events

ZGC Phase Switch (0 events):
No events

VM Operations (0 events):
No events

Events (0 events):
No events


Dynamic libraries:
0x00007ff7fc460000 - 0x00007ff7fc46a000 	C:\Program Files\Android\Android Studio\jbr\bin\java.EXE
0x00007ffd17cc0000 - 0x00007ffd17f23000 	C:\WINDOWS\SYSTEM32\ntdll.dll
0x00007ffd16a50000 - 0x00007ffd16b18000 	C:\WINDOWS\System32\KERNEL32.DLL
0x00007ffd15470000 - 0x00007ffd15822000 	C:\WINDOWS\System32\KERNELBASE.dll
0x00007ffd159a0000 - 0x00007ffd15aeb000 	C:\WINDOWS\System32\ucrtbase.dll
0x00007ffcb1940000 - 0x00007ffcb195b000 	C:\Program Files\Android\Android Studio\jbr\bin\VCRUNTIME140.dll
0x00007ffce5cc0000 - 0x00007ffce5cd8000 	C:\Program Files\Android\Android Studio\jbr\bin\jli.dll
0x00007ffd163f0000 - 0x00007ffd165b8000 	C:\WINDOWS\System32\USER32.dll
0x00007ffcfebc0000 - 0x00007ffcfee50000 	C:\WINDOWS\WinSxS\amd64_microsoft.windows.common-controls_6595b64144ccf1df_6.0.26100.2454_none_3e0b68a2e331ad60\COMCTL32.dll
0x00007ffd15af0000 - 0x00007ffd15b17000 	C:\WINDOWS\System32\win32u.dll
0x00007ffd16ba0000 - 0x00007ffd16bca000 	C:\WINDOWS\System32\GDI32.dll
0x00007ffd17bd0000 - 0x00007ffd17c79000 	C:\WINDOWS\System32\msvcrt.dll
0x00007ffd151c0000 - 0x00007ffd152eb000 	C:\WINDOWS\System32\gdi32full.dll
0x00007ffd15830000 - 0x00007ffd158d3000 	C:\WINDOWS\System32\msvcp_win.dll
0x00007ffd15fc0000 - 0x00007ffd15fef000 	C:\WINDOWS\System32\IMM32.DLL
0x00007ffcfdef0000 - 0x00007ffcfdefc000 	C:\Program Files\Android\Android Studio\jbr\bin\vcruntime140_1.dll
0x00007ffc9ed90000 - 0x00007ffc9ee1d000 	C:\Program Files\Android\Android Studio\jbr\bin\msvcp140.dll
0x00007ffcb1960000 - 0x00007ffcb25dd000 	C:\Program Files\Android\Android Studio\jbr\bin\server\jvm.dll
0x00007ffd15f00000 - 0x00007ffd15fb4000 	C:\WINDOWS\System32\ADVAPI32.dll
0x00007ffd177c0000 - 0x00007ffd17866000 	C:\WINDOWS\System32\sechost.dll
0x00007ffd15b20000 - 0x00007ffd15c36000 	C:\WINDOWS\System32\RPCRT4.dll
0x00007ffd16090000 - 0x00007ffd16104000 	C:\WINDOWS\System32\WS2_32.dll
0x00007ffd140a0000 - 0x00007ffd140ee000 	C:\WINDOWS\SYSTEM32\POWRPROF.dll
0x00007ffd0c710000 - 0x00007ffd0c71b000 	C:\WINDOWS\SYSTEM32\VERSION.dll
0x00007ffd023f0000 - 0x00007ffd02426000 	C:\WINDOWS\SYSTEM32\WINMM.dll
0x00007ffd14080000 - 0x00007ffd14094000 	C:\WINDOWS\SYSTEM32\UMPDC.dll
0x00007ffd13f60000 - 0x00007ffd13f7a000 	C:\WINDOWS\SYSTEM32\kernel.appcore.dll
0x00007ffcfdd50000 - 0x00007ffcfdd5a000 	C:\Program Files\Android\Android Studio\jbr\bin\jimage.dll
0x00007ffd11d40000 - 0x00007ffd11f81000 	C:\WINDOWS\SYSTEM32\DBGHELP.DLL
0x00007ffd16600000 - 0x00007ffd1697e000 	C:\WINDOWS\System32\combase.dll
0x00007ffd17880000 - 0x00007ffd17956000 	C:\WINDOWS\System32\OLEAUT32.dll
0x00007ffcb1900000 - 0x00007ffcb1939000 	C:\WINDOWS\SYSTEM32\dbgcore.DLL
0x00007ffd15090000 - 0x00007ffd15129000 	C:\WINDOWS\System32\bcryptPrimitives.dll
0x00007ffcb18e0000 - 0x00007ffcb18ff000 	C:\Program Files\Android\Android Studio\jbr\bin\java.dll

dbghelp: loaded successfully - version: 4.0.5 - missing functions: none
symbol engine: initialized successfully - sym options: 0x614 - pdb path: .;C:\Program Files\Android\Android Studio\jbr\bin;C:\WINDOWS\SYSTEM32;C:\WINDOWS\WinSxS\amd64_microsoft.windows.common-controls_6595b64144ccf1df_6.0.26100.2454_none_3e0b68a2e331ad60;C:\Program Files\Android\Android Studio\jbr\bin\server

VM Arguments:
java_command: <unknown>
java_class_path (initial): <not set>
Launcher Type: SUN_STANDARD

[Global flags]
     intx CICompilerCount                          = 4                                         {product} {ergonomic}
     uint ConcGCThreads                            = 2                                         {product} {ergonomic}
     uint G1ConcRefinementThreads                  = 8                                         {product} {ergonomic}
   size_t G1HeapRegionSize                         = 2097152                                   {product} {ergonomic}
    uintx GCDrainStackTargetSize                   = 64                                        {product} {ergonomic}
   size_t InitialHeapSize                          = 268435456                                 {product} {ergonomic}
   size_t MarkStackSize                            = 4194304                                   {product} {ergonomic}
   size_t MaxHeapSize                              = 4263510016                                {product} {ergonomic}
   size_t MinHeapDeltaBytes                        = 2097152                                   {product} {ergonomic}
   size_t MinHeapSize                              = 8388608                                   {product} {ergonomic}
    uintx NonNMethodCodeHeapSize                   = 5839372                                {pd product} {ergonomic}
    uintx NonProfiledCodeHeapSize                  = 122909434                              {pd product} {ergonomic}
    uintx ProfiledCodeHeapSize                     = 122909434                              {pd product} {ergonomic}
    uintx ReservedCodeCacheSize                    = 251658240                              {pd product} {ergonomic}
     bool SegmentedCodeCache                       = true                                      {product} {ergonomic}
   size_t SoftMaxHeapSize                          = 4263510016                             {manageable} {ergonomic}
     bool UseCompressedOops                        = true                           {product lp64_product} {ergonomic}
     bool UseG1GC                                  = true                                      {product} {ergonomic}
     bool UseLargePagesIndividualAllocation        = false                                  {pd product} {ergonomic}

Logging:
Log output configuration:
 #0: stdout all=warning uptime,level,tags foldmultilines=false
 #1: stderr all=off uptime,level,tags foldmultilines=false

Environment Variables:
JAVA_HOME=C:\Program Files\Java\jdk-17
PATH=C:\Program Files\Common Files\Oracle\Java\javapath;C:\Program Files (x86)\Eclipse Adoptium\jdk-8.0.432.6-hotspot\bin;C:\Program Files (x86)\Eclipse Adoptium\jre-8.0.432.6-hotspot\bin;C:\WINDOWS\system32;C:\WINDOWS;C:\WINDOWS\System32\Wbem;C:\WINDOWS\System32\WindowsPowerShell\v1.0\;C:\WINDOWS\System32\OpenSSH\;C:\Program Files\Microsoft VS Code\bin;C:\Program Files\nodejs\;C:\Program Files\Git\cmd;C:\Users\insta\AppData\Local\Android\Sdk\platforms;C:\Users\insta\AppData\Local\Android\Sdk\platform-tools;C:\xampp\php;C:\composer;C:\Program Files\PuTTY\;C:\Users\insta\AppData\Local\Programs\Python\Python313\Scripts\;C:\Users\insta\AppData\Local\Programs\Python\Python313\;C:\Users\insta\AppData\Local\Programs\Python\Launcher\;C:\Users\insta\AppData\Local\Microsoft\WindowsApps;C:\Users\insta\AppData\Roaming\npm;C:\flutter\bin;C:\Program Files\Java\jdk-11\bin;C:\Users\insta\AppData\Local\Android\Sdk\platforms;C:\Users\insta\AppData\Local\Android\Sdk\platform-tools;C:\xampp\php;C:\Users\insta\AppData\Roaming\Composer\vendor\bin;C:\Users\insta\AppData\Local\Programs\Python\Python313;;C:\flutter\bin\mingit\cmd
USERNAME=insta
OS=Windows_NT
PROCESSOR_IDENTIFIER=Intel64 Family 6 Model 142 Stepping 10, GenuineIntel
TMP=C:\Users\insta\AppData\Local\Temp
TEMP=C:\Users\insta\AppData\Local\Temp




Periodic native trim disabled

JNI global refs:
JNI global refs: 0, weak refs: 0

JNI global refs memory usage: 0, weak refs: 0

Process memory usage:
Resident Set Size: 12072K (0% of 16652416K total physical memory with 442352K free physical memory)

OOME stack traces (most recent first):
Classloader memory used:

---------------  S Y S T E M  ---------------

OS:
 Windows 11 , 64 bit Build 26100 (10.0.26100.2454)
OS uptime: 1 days 1:35 hours

CPU: total 8 (initial active 8) (4 cores per cpu, 2 threads per core) family 6 model 142 stepping 10 microcode 0xf6, cx8, cmov, fxsr, ht, mmx, 3dnowpref, sse, sse2, sse3, ssse3, sse4.1, sse4.2, popcnt, lzcnt, tsc, tscinvbit, avx, avx2, aes, erms, clmul, bmi1, bmi2, rtm, adx, fma, vzeroupper, clflush, clflushopt, rdtscp, f16c
Processor Information for all 8 processors :
  Max Mhz: 1896, Current Mhz: 1696, Mhz Limit: 1687

Memory: 4k page, system-wide physical 16262M (432M free)
TotalPageFile size 48636M (AvailPageFile size 219M)
current process WorkingSet (physical memory assigned to process): 11M, peak: 11M
current process commit charge ("private bytes"): 60M, peak: 316M

vm_info: OpenJDK 64-Bit Server VM (21.0.3+-12282718-b509.11) for windows-amd64 JRE (21.0.3+-12282718-b509.11), built on 2024-08-27T17:34:15Z by "builder" with MS VC++ 16.10 / 16.11 (VS2019)

END.
