#
# There is insufficient memory for the Java Runtime Environment to continue.
# Native memory allocation (mmap) failed to map 268435456 bytes for G1 virtual space
# Possible reasons:
#   The system is out of physical RAM or swap space
#   The process is running with CompressedOops enabled, and the Java Heap may be blocking the growth of the native heap
# Possible solutions:
#   Reduce memory load on the system
#   Increase physical memory or swap space
#   Check if swap backing store is full
#   Decrease Java heap size (-Xmx/-Xms)
#   Decrease number of Java threads
#   Decrease Java thread stack sizes (-Xss)
#   Set larger code cache with -XX:ReservedCodeCacheSize=
#   JVM is running with Zero Based Compressed Oops mode in which the Java heap is
#     placed in the first 32GB address space. The Java Heap base address is the
#     maximum limit for the native heap growth. Please use -XX:HeapBaseMinAddress
#     to set the Java Heap base and to place the Java Heap above 32GB virtual address.
# This output file may be truncated or incomplete.
#
#  Out of Memory Error (os_windows.cpp:3548), pid=27544, tid=28144
#
# JRE version:  (17.0.12+8) (build )
# Java VM: Java HotSpot(TM) 64-Bit Server VM (17.0.12+8-LTS-286, mixed mode, sharing, tiered, compressed oops, compressed class ptrs, g1 gc, windows-amd64)
# No core dump will be written. Minidumps are not enabled by default on client versions of Windows
#

---------------  S U M M A R Y ------------

Command Line: -Dorg.gradle.appname=gradlew org.gradle.wrapper.GradleWrapperMain -q -Ptarget-platform=android-x64 -Ptarget=E:\tracking\lib\main.dart -Pbase-application-name=android.app.Application -Pdart-defines=Zmx1dHRlci5pbnNwZWN0b3Iuc3RydWN0dXJlZEVycm9ycz10cnVl -Pdart-obfuscation=false -Ptrack-widget-creation=true -Ptree-shake-icons=false -Pfilesystem-scheme=org-dartlang-root assembleDebug

Host: Intel(R) Core(TM) i5-8350U CPU @ 1.70GHz, 8 cores, 15G,  Windows 11 , 64 bit Build 26100 (10.0.26100.2454)
Time: Wed Feb 26 17:41:18 2025 W. Central Africa Standard Time elapsed time: 2.147367 seconds (0d 0h 0m 2s)

---------------  T H R E A D  ---------------

Current thread (0x000001760d29f2c0):  JavaThread "Unknown thread" [_thread_in_vm, id=28144, stack(0x0000002f9c500000,0x0000002f9c600000)]

Stack: [0x0000002f9c500000,0x0000002f9c600000]
Native frames: (J=compiled Java code, j=interpreted, Vv=VM code, C=native code)
V  [jvm.dll+0x67a04a]
V  [jvm.dll+0x7da4ed]
V  [jvm.dll+0x7dbe33]
V  [jvm.dll+0x7dc4a3]
V  [jvm.dll+0x24508f]
V  [jvm.dll+0x677089]
V  [jvm.dll+0x66bd32]
V  [jvm.dll+0x301fa6]
V  [jvm.dll+0x309546]
V  [jvm.dll+0x359d2e]
V  [jvm.dll+0x359f5f]
V  [jvm.dll+0x2d9078]
V  [jvm.dll+0x2d9fe4]
V  [jvm.dll+0x7aca21]
V  [jvm.dll+0x367591]
V  [jvm.dll+0x78b999]
V  [jvm.dll+0x3ec83f]
V  [jvm.dll+0x3ee471]
C  [jli.dll+0x5297]
C  [ucrtbase.dll+0x14ea0]
C  [KERNEL32.DLL+0x2e8d7]
C  [ntdll.dll+0xdfbcc]


---------------  P R O C E S S  ---------------

Threads class SMR info:
_java_thread_list=0x00007ffcd7677a18, length=0, elements={
}

Java Threads: ( => current thread )

Other Threads:
  0x000001760d30cbe0 GCTaskThread "GC Thread#0" [stack: 0x0000002f9c600000,0x0000002f9c700000] [id=3112]
  0x000001760d31f530 ConcurrentGCThread "G1 Main Marker" [stack: 0x0000002f9c700000,0x0000002f9c800000] [id=26060]
  0x000001760d31fe50 ConcurrentGCThread "G1 Conc#0" [stack: 0x0000002f9c800000,0x0000002f9c900000] [id=1560]

[error occurred during error reporting (printing all threads), id 0xc0000005, EXCEPTION_ACCESS_VIOLATION (0xc0000005) at pc=0x00007ffcd6ea9b67]

VM state: not at safepoint (not fully initialized)

VM Mutex/Monitor currently owned by a thread:  ([mutex/lock_event])
[0x000001760d29ac90] Heap_lock - owner thread: 0x000001760d29f2c0

Heap address: 0x0000000701e00000, size: 4066 MB, Compressed Oops mode: Zero based, Oop shift amount: 3

CDS archive(s) mapped at: [0x0000000000000000-0x0000000000000000-0x0000000000000000), size 0, SharedBaseAddress: 0x0000000800000000, ArchiveRelocationMode: 1.
Narrow klass base: 0x0000000000000000, Narrow klass shift: 0, Narrow klass range: 0x0

GC Precious Log:
<Empty>

Heap:
 garbage-first heap   total 0K, used 0K [0x0000000701e00000, 0x0000000800000000)
  region size 2048K, 0 young (0K), 0 survivors (0K)

[error occurred during error reporting (printing heap information), id 0xc0000005, EXCEPTION_ACCESS_VIOLATION (0xc0000005) at pc=0x00007ffcd7293859]

GC Heap History (0 events):
No events

Deoptimization events (0 events):
No events

Classes unloaded (0 events):
No events

Classes redefined (0 events):
No events

Internal exceptions (0 events):
No events

VM Operations (0 events):
No events

Events (1 events):
Event: 0.084 Loaded shared library C:\Program Files\Java\jdk-17\bin\java.dll


Dynamic libraries:
0x00007ff6f9640000 - 0x00007ff6f9650000 	C:\Program Files\Java\jdk-17\bin\java.exe
0x00007ffd17cc0000 - 0x00007ffd17f23000 	C:\WINDOWS\SYSTEM32\ntdll.dll
0x00007ffd16a50000 - 0x00007ffd16b18000 	C:\WINDOWS\System32\KERNEL32.DLL
0x00007ffd15470000 - 0x00007ffd15822000 	C:\WINDOWS\System32\KERNELBASE.dll
0x00007ffd159a0000 - 0x00007ffd15aeb000 	C:\WINDOWS\System32\ucrtbase.dll
0x00007ffd0fc40000 - 0x00007ffd0fc59000 	C:\Program Files\Java\jdk-17\bin\jli.dll
0x00007ffd0fc20000 - 0x00007ffd0fc3b000 	C:\Program Files\Java\jdk-17\bin\VCRUNTIME140.dll
0x00007ffd15f00000 - 0x00007ffd15fb4000 	C:\WINDOWS\System32\ADVAPI32.dll
0x00007ffd17bd0000 - 0x00007ffd17c79000 	C:\WINDOWS\System32\msvcrt.dll
0x00007ffd177c0000 - 0x00007ffd17866000 	C:\WINDOWS\System32\sechost.dll
0x00007ffd15b20000 - 0x00007ffd15c36000 	C:\WINDOWS\System32\RPCRT4.dll
0x00007ffd163f0000 - 0x00007ffd165b8000 	C:\WINDOWS\System32\USER32.dll
0x00007ffd15af0000 - 0x00007ffd15b17000 	C:\WINDOWS\System32\win32u.dll
0x00007ffd16ba0000 - 0x00007ffd16bca000 	C:\WINDOWS\System32\GDI32.dll
0x00007ffcfebc0000 - 0x00007ffcfee50000 	C:\WINDOWS\WinSxS\amd64_microsoft.windows.common-controls_6595b64144ccf1df_6.0.26100.2454_none_3e0b68a2e331ad60\COMCTL32.dll
0x00007ffd151c0000 - 0x00007ffd152eb000 	C:\WINDOWS\System32\gdi32full.dll
0x00007ffd15830000 - 0x00007ffd158d3000 	C:\WINDOWS\System32\msvcp_win.dll
0x00007ffd0c710000 - 0x00007ffd0c71b000 	C:\WINDOWS\SYSTEM32\VERSION.dll
0x00007ffd15fc0000 - 0x00007ffd15fef000 	C:\WINDOWS\System32\IMM32.DLL
0x00007ffd0fc10000 - 0x00007ffd0fc1c000 	C:\Program Files\Java\jdk-17\bin\vcruntime140_1.dll
0x00007ffd0fb20000 - 0x00007ffd0fbae000 	C:\Program Files\Java\jdk-17\bin\msvcp140.dll
0x00007ffcd6bc0000 - 0x00007ffcd77a0000 	C:\Program Files\Java\jdk-17\bin\server\jvm.dll
0x00007ffd165c0000 - 0x00007ffd165c8000 	C:\WINDOWS\System32\PSAPI.DLL
0x00007ffd023f0000 - 0x00007ffd02426000 	C:\WINDOWS\SYSTEM32\WINMM.dll
0x00007ffcff660000 - 0x00007ffcff66a000 	C:\WINDOWS\SYSTEM32\WSOCK32.dll
0x00007ffd16090000 - 0x00007ffd16104000 	C:\WINDOWS\System32\WS2_32.dll
0x00007ffd13f60000 - 0x00007ffd13f7a000 	C:\WINDOWS\SYSTEM32\kernel.appcore.dll
0x00007ffd0fc00000 - 0x00007ffd0fc0a000 	C:\Program Files\Java\jdk-17\bin\jimage.dll
0x00007ffd11d40000 - 0x00007ffd11f81000 	C:\WINDOWS\SYSTEM32\DBGHELP.DLL
0x00007ffd16600000 - 0x00007ffd1697e000 	C:\WINDOWS\System32\combase.dll
0x00007ffd17880000 - 0x00007ffd17956000 	C:\WINDOWS\System32\OLEAUT32.dll
0x00007ffcb1900000 - 0x00007ffcb1939000 	C:\WINDOWS\SYSTEM32\dbgcore.DLL
0x00007ffd15090000 - 0x00007ffd15129000 	C:\WINDOWS\System32\bcryptPrimitives.dll
0x00007ffd0fbd0000 - 0x00007ffd0fbf5000 	C:\Program Files\Java\jdk-17\bin\java.dll

dbghelp: loaded successfully - version: 4.0.5 - missing functions: none
symbol engine: initialized successfully - sym options: 0x614 - pdb path: .;C:\Program Files\Java\jdk-17\bin;C:\WINDOWS\SYSTEM32;C:\WINDOWS\WinSxS\amd64_microsoft.windows.common-controls_6595b64144ccf1df_6.0.26100.2454_none_3e0b68a2e331ad60;C:\Program Files\Java\jdk-17\bin\server

VM Arguments:
jvm_args: -Dorg.gradle.appname=gradlew 
java_command: org.gradle.wrapper.GradleWrapperMain -q -Ptarget-platform=android-x64 -Ptarget=E:\tracking\lib\main.dart -Pbase-application-name=android.app.Application -Pdart-defines=Zmx1dHRlci5pbnNwZWN0b3Iuc3RydWN0dXJlZEVycm9ycz10cnVl -Pdart-obfuscation=false -Ptrack-widget-creation=true -Ptree-shake-icons=false -Pfilesystem-scheme=org-dartlang-root assembleDebug
java_class_path (initial): E:\tracking\android\\gradle\wrapper\gradle-wrapper.jar
Launcher Type: SUN_STANDARD

[Global flags]
     intx CICompilerCount                          = 4                                         {product} {ergonomic}
     uint ConcGCThreads                            = 2                                         {product} {ergonomic}
     uint G1ConcRefinementThreads                  = 8                                         {product} {ergonomic}
   size_t G1HeapRegionSize                         = 2097152                                   {product} {ergonomic}
    uintx GCDrainStackTargetSize                   = 64                                        {product} {ergonomic}
   size_t InitialHeapSize                          = 268435456                                 {product} {ergonomic}
   size_t MarkStackSize                            = 4194304                                   {product} {ergonomic}
   size_t MaxHeapSize                              = 4263510016                                {product} {ergonomic}
   size_t MinHeapDeltaBytes                        = 2097152                                   {product} {ergonomic}
   size_t MinHeapSize                              = 8388608                                   {product} {ergonomic}
    uintx NonNMethodCodeHeapSize                   = 5839372                                {pd product} {ergonomic}
    uintx NonProfiledCodeHeapSize                  = 122909434                              {pd product} {ergonomic}
    uintx ProfiledCodeHeapSize                     = 122909434                              {pd product} {ergonomic}
    uintx ReservedCodeCacheSize                    = 251658240                              {pd product} {ergonomic}
     bool SegmentedCodeCache                       = true                                      {product} {ergonomic}
   size_t SoftMaxHeapSize                          = 4263510016                             {manageable} {ergonomic}
     bool UseCompressedClassPointers               = true                           {product lp64_product} {ergonomic}
     bool UseCompressedOops                        = true                           {product lp64_product} {ergonomic}
     bool UseG1GC                                  = true                                      {product} {ergonomic}
     bool UseLargePagesIndividualAllocation        = false                                  {pd product} {ergonomic}

Logging:
Log output configuration:
 #0: stdout all=warning uptime,level,tags
 #1: stderr all=off uptime,level,tags

Environment Variables:
JAVA_HOME=C:\Program Files\Java\jdk-17
CLASSPATH=E:\tracking\android\\gradle\wrapper\gradle-wrapper.jar
PATH=C:\Program Files\Java\jdk-17\bin;C:\Program Files\Common Files\Oracle\Java\javapath;C:\Program Files (x86)\Eclipse Adoptium\jdk-8.0.432.6-hotspot\bin;C:\Program Files (x86)\Eclipse Adoptium\jre-8.0.432.6-hotspot\bin;C:\WINDOWS\system32;C:\WINDOWS;C:\WINDOWS\System32\Wbem;C:\WINDOWS\System32\WindowsPowerShell\v1.0\;C:\WINDOWS\System32\OpenSSH\;C:\Program Files\Microsoft VS Code\bin;C:\Program Files\nodejs\;C:\Program Files\Git\cmd;C:\Users\insta\AppData\Local\Android\Sdk\platforms;C:\Users\insta\AppData\Local\Android\Sdk\platform-tools;C:\xampp\php;C:\composer;C:\Program Files\PuTTY\;C:\Users\insta\AppData\Local\Programs\Python\Python313\Scripts\;C:\Users\insta\AppData\Local\Programs\Python\Python313\;C:\Users\insta\AppData\Local\Programs\Python\Launcher\;C:\Users\insta\AppData\Local\Microsoft\WindowsApps;C:\Users\insta\AppData\Roaming\npm;C:\flutter\bin;C:\Program Files\Java\jdk-11\bin;C:\Users\insta\AppData\Local\Android\Sdk\platforms;C:\Users\insta\AppData\Local\Android\Sdk\platform-tools;C:\xampp\php;C:\Users\insta\AppData\Roaming\Composer\vendor\bin;C:\Users\insta\AppData\Local\Programs\Python\Python313;;C:\flutter\bin\mingit\cmd
USERNAME=insta
OS=Windows_NT
PROCESSOR_IDENTIFIER=Intel64 Family 6 Model 142 Stepping 10, GenuineIntel



---------------  S Y S T E M  ---------------

OS:
 Windows 11 , 64 bit Build 26100 (10.0.26100.2454)
OS uptime: 1 days 1:35 hours

CPU: total 8 (initial active 8) (4 cores per cpu, 2 threads per core) family 6 model 142 stepping 10 microcode 0xf6, cx8, cmov, fxsr, ht, mmx, 3dnowpref, sse, sse2, sse3, ssse3, sse4.1, sse4.2, popcnt, lzcnt, tsc, tscinvbit, avx, avx2, aes, erms, clmul, bmi1, bmi2, rtm, adx, fma, vzeroupper, clflush, clflushopt

Memory: 4k page, system-wide physical 16262M (844M free)
TotalPageFile size 48636M (AvailPageFile size 4M)
current process WorkingSet (physical memory assigned to process): 12M, peak: 12M
current process commit charge ("private bytes"): 60M, peak: 316M

vm_info: Java HotSpot(TM) 64-Bit Server VM (17.0.12+8-LTS-286) for windows-amd64 JRE (17.0.12+8-LTS-286), built on Jun  5 2024 06:46:59 by "mach5one" with MS VC++ 17.6 (VS2022)

END.
